# JRE version: Java(TM) SE Runtime Environment (8.0_144-b01) (build 1.8.0_144-b01)
# Java VM: Java HotSpot(TM) Client VM (25.144-b01 mixed mode windows-x86 )
Heap:
 def new generation   total 17024K, used 11002K [0x04200000, 0x05470000, 0x19750000)
  eden space 15168K,  60% used [0x04200000, 0x04aeeb20, 0x050d0000)
  from space 1856K, 100% used [0x052a0000, 0x05470000, 0x05470000)
  to   space 1856K,   0% used [0x050d0000, 0x050d0000, 0x052a0000)
 tenured generation   total 37544K, used 26555K [0x19750000, 0x1bbfa000, 0x44200000)
   the space 37544K,  70% used [0x19750000, 0x1b13ecd8, 0x1b13ee00, 0x1bbfa000)
 Metaspace       used 32137K, capacity 32976K, committed 33024K, reserved 33152K
GC Heap History (10 events):
Event: 29.680 GC heap before
{Heap before GC invocations=89 (full 3):
 def new generation   total 11072K, used 11072K [0x04200000, 0x04e00000, 0x19750000)
  eden space 9856K, 100% used [0x04200000, 0x04ba0000, 0x04ba0000)
  from space 1216K, 100% used [0x04cd0000, 0x04e00000, 0x04e00000)
  to   space 1216K,   0% used [0x04ba0000, 0x04ba0000, 0x04cd0000)
 tenured generation   total 24400K, used 23705K [0x19750000, 0x1af24000, 0x44200000)
   the space 24400K,  97% used [0x19750000, 0x1ae765e0, 0x1ae76600, 0x1af24000)
 Metaspace       used 31327K, capacity 32105K, committed 32128K, reserved 32128K
Event: 29.692 GC heap after
Heap after GC invocations=90 (full 3):
 def new generation   total 11072K, used 835K [0x04200000, 0x04e00000, 0x19750000)
  eden space 9856K,   0% used [0x04200000, 0x04200000, 0x04ba0000)
  from space 1216K,  68% used [0x04ba0000, 0x04c70c70, 0x04cd0000)
  to   space 1216K,   0% used [0x04cd0000, 0x04cd0000, 0x04e00000)
 tenured generation   total 24400K, used 24332K [0x19750000, 0x1af24000, 0x44200000)
   the space 24400K,  99% used [0x19750000, 0x1af13020, 0x1af13200, 0x1af24000)
 Metaspace       used 31327K, capacity 32105K, committed 32128K, reserved 32128K
}
Event: 30.372 GC heap before
{Heap before GC invocations=90 (full 3):
 def new generation   total 11072K, used 10691K [0x04200000, 0x04e00000, 0x19750000)
  eden space 9856K, 100% used [0x04200000, 0x04ba0000, 0x04ba0000)
  from space 1216K,  68% used [0x04ba0000, 0x04c70c70, 0x04cd0000)
  to   space 1216K,   0% used [0x04cd0000, 0x04cd0000, 0x04e00000)
 tenured generation   total 24400K, used 24332K [0x19750000, 0x1af24000, 0x44200000)
   the space 24400K,  99% used [0x19750000, 0x1af13020, 0x1af13200, 0x1af24000)
 Metaspace       used 31504K, capacity 32386K, committed 32512K, reserved 33152K
Event: 30.538 GC heap after
Heap after GC invocations=91 (full 4):
 def new generation   total 17024K, used 0K [0x04200000, 0x05470000, 0x19750000)
  eden space 15168K,   0% used [0x04200000, 0x04200000, 0x050d0000)
  from space 1856K,   0% used [0x050d0000, 0x050d0000, 0x052a0000)
  to   space 1856K,   0% used [0x052a0000, 0x052a0000, 0x05470000)
 tenured generation   total 37544K, used 22525K [0x19750000, 0x1bbfa000, 0x44200000)
   the space 37544K,  59% used [0x19750000, 0x1ad4f518, 0x1ad4f600, 0x1bbfa000)
 Metaspace       used 31500K, capacity 32382K, committed 32512K, reserved 33152K
}
Event: 31.440 GC heap before
{Heap before GC invocations=91 (full 4):
 def new generation   total 17024K, used 15168K [0x04200000, 0x05470000, 0x19750000)
  eden space 15168K, 100% used [0x04200000, 0x050d0000, 0x050d0000)
  from space 1856K,   0% used [0x050d0000, 0x050d0000, 0x052a0000)
  to   space 1856K,   0% used [0x052a0000, 0x052a0000, 0x05470000)
 tenured generation   total 37544K, used 22525K [0x19750000, 0x1bbfa000, 0x44200000)
   the space 37544K,  59% used [0x19750000, 0x1ad4f518, 0x1ad4f600, 0x1bbfa000)
 Metaspace       used 31835K, capacity 32675K, committed 32768K, reserved 33152K
Event: 31.451 GC heap after
Heap after GC invocations=92 (full 4):
 def new generation   total 17024K, used 1016K [0x04200000, 0x05470000, 0x19750000)
  eden space 15168K,   0% used [0x04200000, 0x04200000, 0x050d0000)
  from space 1856K,  54% used [0x052a0000, 0x0539e0a8, 0x05470000)
  to   space 1856K,   0% used [0x050d0000, 0x050d0000, 0x052a0000)
 tenured generation   total 37544K, used 22525K [0x19750000, 0x1bbfa000, 0x44200000)
   the space 37544K,  59% used [0x19750000, 0x1ad4f518, 0x1ad4f600, 0x1bbfa000)
 Metaspace       used 31835K, capacity 32675K, committed 32768K, reserved 33152K
}
Event: 32.199 GC heap before
{Heap before GC invocations=92 (full 4):
 def new generation   total 17024K, used 16184K [0x04200000, 0x05470000, 0x19750000)
  eden space 15168K, 100% used [0x04200000, 0x050d0000, 0x050d0000)
  from space 1856K,  54% used [0x052a0000, 0x0539e0a8, 0x05470000)
  to   space 1856K,   0% used [0x050d0000, 0x050d0000, 0x052a0000)
 tenured generation   total 37544K, used 22525K [0x19750000, 0x1bbfa000, 0x44200000)
   the space 37544K,  59% used [0x19750000, 0x1ad4f518, 0x1ad4f600, 0x1bbfa000)
 Metaspace       used 31858K, capacity 32707K, committed 32768K, reserved 33152K
Event: 32.217 GC heap after
Heap after GC invocations=93 (full 4):
 def new generation   total 17024K, used 1856K [0x04200000, 0x05470000, 0x19750000)
  eden space 15168K,   0% used [0x04200000, 0x04200000, 0x050d0000)
  from space 1856K, 100% used [0x050d0000, 0x052a0000, 0x052a0000)
  to   space 1856K,   0% used [0x052a0000, 0x052a0000, 0x05470000)
 tenured generation   total 37544K, used 24403K [0x19750000, 0x1bbfa000, 0x44200000)
   the space 37544K,  64% used [0x19750000, 0x1af24c90, 0x1af24e00, 0x1bbfa000)
 Metaspace       used 31858K, capacity 32707K, committed 32768K, reserved 33152K
}
Event: 33.054 GC heap before
{Heap before GC invocations=93 (full 4):
 def new generation   total 17024K, used 17024K [0x04200000, 0x05470000, 0x19750000)
  eden space 15168K, 100% used [0x04200000, 0x050d0000, 0x050d0000)
  from space 1856K, 100% used [0x050d0000, 0x052a0000, 0x052a0000)
  to   space 1856K,   0% used [0x052a0000, 0x052a0000, 0x05470000)
 tenured generation   total 37544K, used 24403K [0x19750000, 0x1bbfa000, 0x44200000)
   the space 37544K,  64% used [0x19750000, 0x1af24c90, 0x1af24e00, 0x1bbfa000)
 Metaspace       used 31919K, capacity 32771K, committed 32896K, reserved 33152K
Event: 33.073 GC heap after
Heap after GC invocations=94 (full 4):
 def new generation   total 17024K, used 1856K [0x04200000, 0x05470000, 0x19750000)
  eden space 15168K,   0% used [0x04200000, 0x04200000, 0x050d0000)
  from space 1856K, 100% used [0x052a0000, 0x05470000, 0x05470000)
  to   space 1856K,   0% used [0x050d0000, 0x050d0000, 0x052a0000)
 tenured generation   total 37544K, used 26555K [0x19750000, 0x1bbfa000, 0x44200000)
   the space 37544K,  70% used [0x19750000, 0x1b13ecd8, 0x1b13ee00, 0x1bbfa000)
 Metaspace       used 31919K, capacity 32771K, committed 32896K, reserved 33152K
}

