# JRE version: Java(TM) SE Runtime Environment (8.0_144-b01) (build 1.8.0_144-b01)
# Java VM: Java HotSpot(TM) Client VM (25.144-b01 mixed mode windows-x86 )
Heap:
 def new generation   total 24896K, used 12949K [0x04e00000, 0x06900000, 0x24e00000)
  eden space 22144K,  46% used [0x04e00000, 0x057f57a0, 0x063a0000)
  from space 2752K, 100% used [0x063a0000, 0x06650000, 0x06650000)
  to   space 2752K,   0% used [0x06650000, 0x06650000, 0x06900000)
 tenured generation   total 55128K, used 53353K [0x24e00000, 0x283d6000, 0x64e00000)
   the space 55128K,  96% used [0x24e00000, 0x2821a7f8, 0x2821a800, 0x283d6000)
 Metaspace       used 40650K, capacity 42019K, committed 42112K, reserved 42368K
GC Heap History (10 events):
Event: 375.295 GC heap before
{Heap before GC invocations=143 (full 6):
 def new generation   total 24896K, used 24753K [0x04e00000, 0x06900000, 0x24e00000)
  eden space 22144K, 100% used [0x04e00000, 0x063a0000, 0x063a0000)
  from space 2752K,  94% used [0x06650000, 0x068dc4a0, 0x06900000)
  to   space 2752K,   0% used [0x063a0000, 0x063a0000, 0x06650000)
 tenured generation   total 55128K, used 45123K [0x24e00000, 0x283d6000, 0x64e00000)
   the space 55128K,  81% used [0x24e00000, 0x27a10f68, 0x27a11000, 0x283d6000)
 Metaspace       used 39407K, capacity 40750K, committed 40832K, reserved 41344K
Event: 375.307 GC heap after
Heap after GC invocations=144 (full 6):
 def new generation   total 24896K, used 383K [0x04e00000, 0x06900000, 0x24e00000)
  eden space 22144K,   0% used [0x04e00000, 0x04e00000, 0x063a0000)
  from space 2752K,  13% used [0x063a0000, 0x063ffff8, 0x06650000)
  to   space 2752K,   0% used [0x06650000, 0x06650000, 0x06900000)
 tenured generation   total 55128K, used 47081K [0x24e00000, 0x283d6000, 0x64e00000)
   the space 55128K,  85% used [0x24e00000, 0x27bfa418, 0x27bfa600, 0x283d6000)
 Metaspace       used 39407K, capacity 40750K, committed 40832K, reserved 41344K
}
Event: 375.751 GC heap before
{Heap before GC invocations=144 (full 6):
 def new generation   total 24896K, used 22527K [0x04e00000, 0x06900000, 0x24e00000)
  eden space 22144K, 100% used [0x04e00000, 0x063a0000, 0x063a0000)
  from space 2752K,  13% used [0x063a0000, 0x063ffff8, 0x06650000)
  to   space 2752K,   0% used [0x06650000, 0x06650000, 0x06900000)
 tenured generation   total 55128K, used 47081K [0x24e00000, 0x283d6000, 0x64e00000)
   the space 55128K,  85% used [0x24e00000, 0x27bfa418, 0x27bfa600, 0x283d6000)
 Metaspace       used 39452K, capacity 40805K, committed 40832K, reserved 41344K
Event: 375.761 GC heap after
Heap after GC invocations=145 (full 6):
 def new generation   total 24896K, used 2140K [0x04e00000, 0x06900000, 0x24e00000)
  eden space 22144K,   0% used [0x04e00000, 0x04e00000, 0x063a0000)
  from space 2752K,  77% used [0x06650000, 0x06867000, 0x06900000)
  to   space 2752K,   0% used [0x063a0000, 0x063a0000, 0x06650000)
 tenured generation   total 55128K, used 47081K [0x24e00000, 0x283d6000, 0x64e00000)
   the space 55128K,  85% used [0x24e00000, 0x27bfa418, 0x27bfa600, 0x283d6000)
 Metaspace       used 39452K, capacity 40805K, committed 40832K, reserved 41344K
}
Event: 400.330 GC heap before
{Heap before GC invocations=145 (full 6):
 def new generation   total 24896K, used 24284K [0x04e00000, 0x06900000, 0x24e00000)
  eden space 22144K, 100% used [0x04e00000, 0x063a0000, 0x063a0000)
  from space 2752K,  77% used [0x06650000, 0x06867000, 0x06900000)
  to   space 2752K,   0% used [0x063a0000, 0x063a0000, 0x06650000)
 tenured generation   total 55128K, used 47081K [0x24e00000, 0x283d6000, 0x64e00000)
   the space 55128K,  85% used [0x24e00000, 0x27bfa418, 0x27bfa600, 0x283d6000)
 Metaspace       used 40012K, capacity 41362K, committed 41472K, reserved 42368K
Event: 400.350 GC heap after
Heap after GC invocations=146 (full 6):
 def new generation   total 24896K, used 1955K [0x04e00000, 0x06900000, 0x24e00000)
  eden space 22144K,   0% used [0x04e00000, 0x04e00000, 0x063a0000)
  from space 2752K,  71% used [0x063a0000, 0x06588f68, 0x06650000)
  to   space 2752K,   0% used [0x06650000, 0x06650000, 0x06900000)
 tenured generation   total 55128K, used 49138K [0x24e00000, 0x283d6000, 0x64e00000)
   the space 55128K,  89% used [0x24e00000, 0x27dfc810, 0x27dfca00, 0x283d6000)
 Metaspace       used 40012K, capacity 41362K, committed 41472K, reserved 42368K
}
Event: 401.351 GC heap before
{Heap before GC invocations=146 (full 6):
 def new generation   total 24896K, used 24023K [0x04e00000, 0x06900000, 0x24e00000)
  eden space 22144K,  99% used [0x04e00000, 0x0638d080, 0x063a0000)
  from space 2752K,  71% used [0x063a0000, 0x06588f68, 0x06650000)
  to   space 2752K,   0% used [0x06650000, 0x06650000, 0x06900000)
 tenured generation   total 55128K, used 49138K [0x24e00000, 0x283d6000, 0x64e00000)
   the space 55128K,  89% used [0x24e00000, 0x27dfc810, 0x27dfca00, 0x283d6000)
 Metaspace       used 40378K, capacity 41751K, committed 41856K, reserved 42368K
Event: 401.363 GC heap after
Heap after GC invocations=147 (full 6):
 def new generation   total 24896K, used 2110K [0x04e00000, 0x06900000, 0x24e00000)
  eden space 22144K,   0% used [0x04e00000, 0x04e00000, 0x063a0000)
  from space 2752K,  76% used [0x06650000, 0x0685f9f8, 0x06900000)
  to   space 2752K,   0% used [0x063a0000, 0x063a0000, 0x06650000)
 tenured generation   total 55128K, used 50292K [0x24e00000, 0x283d6000, 0x64e00000)
   the space 55128K,  91% used [0x24e00000, 0x27f1d030, 0x27f1d200, 0x283d6000)
 Metaspace       used 40378K, capacity 41751K, committed 41856K, reserved 42368K
}
Event: 401.650 GC heap before
{Heap before GC invocations=147 (full 6):
 def new generation   total 24896K, used 24254K [0x04e00000, 0x06900000, 0x24e00000)
  eden space 22144K, 100% used [0x04e00000, 0x063a0000, 0x063a0000)
  from space 2752K,  76% used [0x06650000, 0x0685f9f8, 0x06900000)
  to   space 2752K,   0% used [0x063a0000, 0x063a0000, 0x06650000)
 tenured generation   total 55128K, used 50292K [0x24e00000, 0x283d6000, 0x64e00000)
   the space 55128K,  91% used [0x24e00000, 0x27f1d030, 0x27f1d200, 0x283d6000)
 Metaspace       used 40378K, capacity 41751K, committed 41856K, reserved 42368K
Event: 401.673 GC heap after
Heap after GC invocations=148 (full 6):
 def new generation   total 24896K, used 2752K [0x04e00000, 0x06900000, 0x24e00000)
  eden space 22144K,   0% used [0x04e00000, 0x04e00000, 0x063a0000)
  from space 2752K, 100% used [0x063a0000, 0x06650000, 0x06650000)
  to   space 2752K,   0% used [0x06650000, 0x06650000, 0x06900000)
 tenured generation   total 55128K, used 53353K [0x24e00000, 0x283d6000, 0x64e00000)
   the space 55128K,  96% used [0x24e00000, 0x2821a7f8, 0x2821a800, 0x283d6000)
 Metaspace       used 40378K, capacity 41751K, committed 41856K, reserved 42368K
}

